<?xml version="1.0" encoding="UTF-8"?>
<!-- Generated by org.testng.reporters.JUnitXMLReporter -->
<testsuite ignored="3" hostname="LAPTOP-66KHMHA0" failures="0" tests="1" name="Default test" time="7.133" errors="0" timestamp="2025-09-12T18:07:55 IST">
  <testcase classname="testscript.LoginTest" name="verifyloginwithInvalidCredentials" time="2.602"/>
  <testcase classname="testscript.LoginTest" name="verifyloginwithValidCredentials" time="0.0">
    <ignored/>
  </testcase> <!-- verifyloginwithValidCredentials -->
  <testcase classname="testscript.LoginTest" name="verifyloginwithInvalidUsername" time="0.0">
    <ignored/>
  </testcase> <!-- verifyloginwithInvalidUsername -->
  <testcase classname="testscript.LoginTest" name="verifyloginwithInvalidPassword" time="0.0">
    <ignored/>
  </testcase> <!-- verifyloginwithInvalidPassword -->
</testsuite> <!-- Default test -->
