<?xml version="1.0" encoding="UTF-8"?>
<testng-results ignored="3" total="4" passed="1" failed="0" skipped="0">
  <reporter-output>
  </reporter-output>
  <suite started-at="2025-09-12T18:07:48 IST" name="Default suite" finished-at="2025-09-12T18:07:55 IST" duration-ms="7133">
    <groups>
    </groups>
    <test started-at="2025-09-12T18:07:48 IST" name="Default test" finished-at="2025-09-12T18:07:55 IST" duration-ms="7133">
      <class name="testscript.LoginTest">
        <test-method is-config="true" signature="intializebrowser()[pri:0, instance:testscript.LoginTest@279fedbd]" started-at="2025-09-12T18:07:48 IST" name="intializebrowser" finished-at="2025-09-12T18:07:52 IST" duration-ms="4419" status="PASS">
          <reporter-output>
          </reporter-output>
        </test-method> <!-- intializebrowser -->
        <test-method signature="verifyloginwithInvalidCredentials()[pri:0, instance:testscript.LoginTest@279fedbd]" started-at="2025-09-12T18:07:52 IST" name="verifyloginwithInvalidCredentials" finished-at="2025-09-12T18:07:55 IST" duration-ms="2602" status="PASS">
          <reporter-output>
          </reporter-output>
        </test-method> <!-- verifyloginwithInvalidCredentials -->
      </class> <!-- testscript.LoginTest -->
    </test> <!-- Default test -->
  </suite> <!-- Default suite -->
</testng-results>
